<?xml version="1.0" encoding="UTF-8"?>
<!-- Generated by org.testng.reporters.JUnitXMLReporter -->
<testsuite ignored="0" hostname="Gunit" failures="0" tests="3" name="Banking App Test" time="35.865" errors="0" timestamp="2022-11-05T08:52:23 IST">
  <testcase classname="Com.NopCommerce.TestCases.Tc_CustReg_001" name="RegisterCust" time="5.325"/>
  <testcase classname="Com.NopCommerce.TestCases.TC_LoginTest_001" name="TC_LoginTest_001" time="2.615"/>
  <testcase classname="Com.NopCommerce.TestCases.TC_CustPlaceOrder_001" name="CustomerPlaceorder" time="14.871"/>
</testsuite> <!-- Banking App Test -->
