<?xml version="1.0" encoding="UTF-8"?>
<testng-results ignored="0" total="3" passed="3" failed="0" skipped="0">
  <reporter-output>
  </reporter-output>
  <suite started-at="2022-11-05T08:51:46 IST" name="NopCommerce" finished-at="2022-11-05T08:52:22 IST" duration-ms="35865">
    <groups>
    </groups>
    <test started-at="2022-11-05T08:51:46 IST" name="Banking App Test" finished-at="2022-11-05T08:52:22 IST" duration-ms="35865">
      <class name="Com.NopCommerce.TestCases.TC_LoginTest_001">
        <test-method is-config="true" signature="setup(java.lang.String)[pri:0, instance:Com.NopCommerce.TestCases.TC_LoginTest_001@6531a794]" started-at="2022-11-05T08:51:58 IST" name="setup" finished-at="2022-11-05T08:52:01 IST" duration-ms="3028" status="PASS">
          <params>
            <param index="0">
              <value>
                <![CDATA[edge]]>
              </value>
            </param>
          </params>
          <reporter-output>
          </reporter-output>
        </test-method> <!-- setup -->
        <test-method signature="TC_LoginTest_001()[pri:0, instance:Com.NopCommerce.TestCases.TC_LoginTest_001@6531a794]" started-at="2022-11-05T08:52:01 IST" name="TC_LoginTest_001" finished-at="2022-11-05T08:52:03 IST" duration-ms="2615" status="PASS">
          <reporter-output>
          </reporter-output>
        </test-method> <!-- TC_LoginTest_001 -->
        <test-method is-config="true" signature="TearDown()[pri:0, instance:Com.NopCommerce.TestCases.TC_LoginTest_001@6531a794]" started-at="2022-11-05T08:52:03 IST" name="TearDown" finished-at="2022-11-05T08:52:04 IST" duration-ms="291" status="PASS">
          <reporter-output>
          </reporter-output>
        </test-method> <!-- TearDown -->
      </class> <!-- Com.NopCommerce.TestCases.TC_LoginTest_001 -->
      <class name="Com.NopCommerce.TestCases.TC_CustPlaceOrder_001">
        <test-method is-config="true" signature="setup(java.lang.String)[pri:0, instance:Com.NopCommerce.TestCases.TC_CustPlaceOrder_001@3b5fad2d]" started-at="2022-11-05T08:52:04 IST" name="setup" finished-at="2022-11-05T08:52:07 IST" duration-ms="3353" status="PASS">
          <params>
            <param index="0">
              <value>
                <![CDATA[edge]]>
              </value>
            </param>
          </params>
          <reporter-output>
          </reporter-output>
        </test-method> <!-- setup -->
        <test-method signature="CustomerPlaceorder()[pri:0, instance:Com.NopCommerce.TestCases.TC_CustPlaceOrder_001@3b5fad2d]" started-at="2022-11-05T08:52:07 IST" name="CustomerPlaceorder" finished-at="2022-11-05T08:52:22 IST" duration-ms="14871" status="PASS">
          <reporter-output>
          </reporter-output>
        </test-method> <!-- CustomerPlaceorder -->
        <test-method is-config="true" signature="TearDown()[pri:0, instance:Com.NopCommerce.TestCases.TC_CustPlaceOrder_001@3b5fad2d]" started-at="2022-11-05T08:52:22 IST" name="TearDown" finished-at="2022-11-05T08:52:22 IST" duration-ms="250" status="PASS">
          <reporter-output>
          </reporter-output>
        </test-method> <!-- TearDown -->
      </class> <!-- Com.NopCommerce.TestCases.TC_CustPlaceOrder_001 -->
      <class name="Com.NopCommerce.TestCases.Tc_CustReg_001">
        <test-method is-config="true" signature="setup(java.lang.String)[pri:0, instance:Com.NopCommerce.TestCases.Tc_CustReg_001@dc9876b]" started-at="2022-11-05T08:51:46 IST" name="setup" finished-at="2022-11-05T08:51:52 IST" duration-ms="5866" status="PASS">
          <params>
            <param index="0">
              <value>
                <![CDATA[edge]]>
              </value>
            </param>
          </params>
          <reporter-output>
          </reporter-output>
        </test-method> <!-- setup -->
        <test-method signature="RegisterCust()[pri:0, instance:Com.NopCommerce.TestCases.Tc_CustReg_001@dc9876b]" started-at="2022-11-05T08:51:52 IST" name="RegisterCust" finished-at="2022-11-05T08:51:58 IST" duration-ms="5325" status="PASS">
          <reporter-output>
          </reporter-output>
        </test-method> <!-- RegisterCust -->
        <test-method is-config="true" signature="TearDown()[pri:0, instance:Com.NopCommerce.TestCases.Tc_CustReg_001@dc9876b]" started-at="2022-11-05T08:51:58 IST" name="TearDown" finished-at="2022-11-05T08:51:58 IST" duration-ms="227" status="PASS">
          <reporter-output>
          </reporter-output>
        </test-method> <!-- TearDown -->
      </class> <!-- Com.NopCommerce.TestCases.Tc_CustReg_001 -->
    </test> <!-- Banking App Test -->
  </suite> <!-- NopCommerce -->
</testng-results>
